#
# A fatal error has been detected by the Java Runtime Environment:
#
#  EXCEPTION_ACCESS_VIOLATION (0xc0000005) at pc=0x0000000000000000, pid=4068, tid=10568
#
# JRE version: Java(TM) SE Runtime Environment (8.0_91-b14) (build 1.8.0_91-b14)
# Java VM: Java HotSpot(TM) 64-Bit Server VM (25.91-b14 mixed mode windows-amd64 compressed oops)
# Problematic frame:
# C  0x0000000000000000
#
# Failed to write core dump. Minidumps are not enabled by default on client versions of Windows
#
# If you would like to submit a bug report, please visit:
#   http://bugreport.java.com/bugreport/crash.jsp
# The crash happened outside the Java Virtual Machine in native code.
# See problematic frame for where to report the bug.
#

---------------  T H R E A D  ---------------

Current thread (0x000000001abdd800):  JavaThread "JDWP Transport Listener: dt_socket" daemon [_thread_in_native, id=10568, stack(0x000000001b940000,0x000000001ba40000)]

siginfo: ExceptionCode=0xc0000005, ExceptionInformation=0x0000000000000008 0x0000000000000000

Registers:
RAX=0x0000000000000000, RBX=0x00000000000002b4, RCX=0x00000000000002b4, RDX=0x000000001ba3ed10
RSP=0x000000001ba3eab8, RBP=0x000000000000000c, RSI=0x0000000000000000, RDI=0x00000000002b7200
R8 =0x0000000000000001, R9 =0x000000001ba3ed04, R10=0x000000001b8e0158, R11=0x000000001ba3ea40
R12=0x000000001ba3eda0, R13=0x0000000000000000, R14=0x0000000000000000, R15=0x0000000000000000
RIP=0x0000000000000000, EFLAGS=0x0000000000010202

Top of Stack: (sp=0x000000001ba3eab8)
0x000000001ba3eab8:   000007fefc3761e6 000000001b8e12f0
0x000000001ba3eac8:   000000001ba3ed00 0000000000000000
0x000000001ba3ead8:   0000000000000000 0000000000000000
0x000000001ba3eae8:   0000000000000000 0000000000000000
0x000000001ba3eaf8:   00000000002b9e40 000000001ba3ed00
0x000000001ba3eb08:   00000000511d049a ffffffff1ba3d01f
0x000000001ba3eb18:   0000000000000000 000000001100662f
0x000000001ba3eb28:   0000000000000000 0000000c00000000
0x000000001ba3eb38:   0000000000000000 0000000000000000
0x000000001ba3eb48:   0000000c00000000 000000001b8e1300
0x000000001ba3eb58:   000000000000000b 000000000000d01d
0x000000001ba3eb68:   0000000000000000 00000000002b7200
0x000000001ba3eb78:   000007fefc36a69d 0000000000000000
0x000000001ba3eb88:   0000000b02310000 0000000102170080
0x000000001ba3eb98:   00000000000000f0 000000001b8e13a8
0x000000001ba3eba8:   0000000000000000 000000001b8e12f0 

Instructions: (pc=0x0000000000000000)
0xffffffffffffffe0:   


Register to memory mapping:

RAX=0x0000000000000000 is an unknown value
RBX=0x00000000000002b4 is an unknown value
RCX=0x00000000000002b4 is an unknown value
RDX=0x000000001ba3ed10 is pointing into the stack for thread: 0x000000001abdd800
RSP=0x000000001ba3eab8 is pointing into the stack for thread: 0x000000001abdd800
RBP=0x000000000000000c is an unknown value
RSI=0x0000000000000000 is an unknown value
RDI=0x00000000002b7200 is an unknown value
R8 =0x0000000000000001 is an unknown value
R9 =0x000000001ba3ed04 is pointing into the stack for thread: 0x000000001abdd800
R10=0x000000001b8e0158 is an unknown value
R11=0x000000001ba3ea40 is pointing into the stack for thread: 0x000000001abdd800
R12=0x000000001ba3eda0 is pointing into the stack for thread: 0x000000001abdd800
R13=0x0000000000000000 is an unknown value
R14=0x0000000000000000 is an unknown value
R15=0x0000000000000000 is an unknown value


Stack: [0x000000001b940000,0x000000001ba40000],  sp=0x000000001ba3eab8,  free space=1018k
Native frames: (J=compiled Java code, j=interpreted, Vv=VM code, C=native code)


---------------  P R O C E S S  ---------------

Java Threads: ( => current thread )
  0x000000001af25800 JavaThread "JMX server connection timeout 55" daemon [_thread_blocked, id=5384, stack(0x0000000028600000,0x0000000028700000)]
  0x000000001af26000 JavaThread "RMI TCP Connection(13)-10.68.252.138" daemon [_thread_in_native, id=8312, stack(0x000000001d4a0000,0x000000001d5a0000)]
  0x000000001af27000 JavaThread "RMI TCP Connection(12)-127.0.0.1" daemon [_thread_in_native, id=10712, stack(0x0000000027390000,0x0000000027490000)]
  0x000000001f3c9000 JavaThread "http-nio-8080-AsyncTimeout" daemon [_thread_blocked, id=9272, stack(0x0000000028410000,0x0000000028510000)]
  0x000000001f3c8000 JavaThread "http-nio-8080-Acceptor-0" daemon [_thread_blocked, id=5416, stack(0x0000000028210000,0x0000000028310000)]
  0x000000001c6e4000 JavaThread "JMX server connection timeout 20" daemon [_thread_blocked, id=4072, stack(0x000000001d860000,0x000000001d960000)]
  0x000000001c6ca800 JavaThread "RMI Scheduler(0)" daemon [_thread_blocked, id=9556, stack(0x000000001cda0000,0x000000001cea0000)]
  0x000000001c4fa000 JavaThread "RMI TCP Accept-0" daemon [_thread_in_native, id=2036, stack(0x000000001d020000,0x000000001d120000)]
  0x000000001c4a1000 JavaThread "RMI TCP Accept-53276" daemon [_thread_in_native, id=8724, stack(0x000000001cec0000,0x000000001cfc0000)]
  0x000000001c493800 JavaThread "RMI TCP Accept-0" daemon [_thread_in_native, id=10180, stack(0x000000001cca0000,0x000000001cda0000)]
  0x000000001ac72800 JavaThread "Service Thread" daemon [_thread_blocked, id=10088, stack(0x000000001c1f0000,0x000000001c2f0000)]
  0x000000001ac05000 JavaThread "C1 CompilerThread2" daemon [_thread_blocked, id=3504, stack(0x000000001bea0000,0x000000001bfa0000)]
  0x000000001abfb800 JavaThread "C2 CompilerThread1" daemon [_thread_blocked, id=3248, stack(0x000000001c020000,0x000000001c120000)]
  0x000000001abf9000 JavaThread "C2 CompilerThread0" daemon [_thread_blocked, id=8168, stack(0x000000001bd50000,0x000000001be50000)]
  0x000000001abed000 JavaThread "JDWP Command Reader" daemon [_thread_blocked, id=10032, stack(0x000000001bc40000,0x000000001bd40000)]
  0x000000001abe6000 JavaThread "JDWP Event Helper Thread" daemon [_thread_blocked, id=320, stack(0x000000001b770000,0x000000001b870000)]
=>0x000000001abdd800 JavaThread "JDWP Transport Listener: dt_socket" daemon [_thread_in_native, id=10568, stack(0x000000001b940000,0x000000001ba40000)]
  0x000000001abd3000 JavaThread "Attach Listener" daemon [_thread_blocked, id=6828, stack(0x000000001afd0000,0x000000001b0d0000)]
  0x000000001994e000 JavaThread "Finalizer" daemon [_thread_blocked, id=2336, stack(0x000000001aac0000,0x000000001abc0000)]
  0x0000000019907000 JavaThread "Reference Handler" daemon [_thread_blocked, id=6032, stack(0x000000001a8e0000,0x000000001a9e0000)]

Other Threads:
  0x00000000198ff000 VMThread [stack: 0x000000001a720000,0x000000001a820000] [id=9336]

VM state:at safepoint (normal execution)

VM Mutex/Monitor currently owned by a thread:  ([mutex/lock_event])
[0x00000000021aa0e0] Threads_lock - owner thread: 0x00000000198ff000
[0x00000000021aa5e0] Heap_lock - owner thread: 0x000000001af24000

Heap:
 PSYoungGen      total 207872K, used 187851K [0x0000000780700000, 0x000000078f500000, 0x00000007c0000000)
  eden space 193024K, 89% used [0x0000000780700000,0x000000078b031f00,0x000000078c380000)
  from space 14848K, 98% used [0x000000078e680000,0x000000078f4c0f90,0x000000078f500000)
  to   space 16896K, 0% used [0x000000078d400000,0x000000078d400000,0x000000078e480000)
 ParOldGen       total 119808K, used 20399K [0x0000000701400000, 0x0000000708900000, 0x0000000780700000)
  object space 119808K, 17% used [0x0000000701400000,0x00000007027ebe80,0x0000000708900000)
 Metaspace       used 52129K, capacity 52786K, committed 53120K, reserved 1095680K
  class space    used 6629K, capacity 6782K, committed 6784K, reserved 1048576K

Card table byte_map: [0x0000000011930000,0x0000000011f30000] byte_map_base: 0x000000000e126000

Marking Bits: (ParMarkBitMap*) 0x00000000517a2f70
 Begin Bits: [0x0000000012a10000, 0x00000000159c0000)
 End Bits:   [0x00000000159c0000, 0x0000000018970000)

Polling page: 0x0000000000120000

CodeCache: size=245760Kb used=16194Kb max_used=16362Kb free=229565Kb
 bounds [0x0000000002570000, 0x0000000003630000, 0x0000000011570000]
 total_blobs=4571 nmethods=4056 adapters=434
 compilation: enabled

Compilation events (10 events):
Event: 278.999 Thread 0x000000001ac05000 nmethod 4797 0x00000000032ba2d0 code [0x00000000032ba460, 0x00000000032ba7e8]
Event: 279.009 Thread 0x000000001ac05000 4798  s    3       org.apache.catalina.util.LifecycleBase::setStateInternal (144 bytes)
Event: 279.012 Thread 0x000000001abfb800 4799       4       java.util.Hashtable$Enumerator::hasMoreElements (53 bytes)
Event: 279.012 Thread 0x000000001abf9000 4800  s    4       java.util.Hashtable::get (69 bytes)
Event: 279.012 Thread 0x000000001ac05000 nmethod 4798 0x00000000031ed810 code [0x00000000031eda60, 0x00000000031eeb28]
Event: 279.013 Thread 0x000000001ac05000 4801       3       java.util.logging.LogManager$LoggerContext::ensureInitialized (24 bytes)
Event: 279.014 Thread 0x000000001ac05000 nmethod 4801 0x000000000284b410 code [0x000000000284b5c0, 0x000000000284be08]
Event: 279.014 Thread 0x000000001ac05000 4802  s    3       java.util.logging.LogManager$LoggerContext::findLogger (40 bytes)
Event: 279.016 Thread 0x000000001ac05000 nmethod 4802 0x0000000002849e50 code [0x000000000284a060, 0x000000000284af48]
Event: 279.016 Thread 0x000000001abfb800 nmethod 4799 0x000000000275dc10 code [0x000000000275dd40, 0x000000000275ded8]

GC Heap History (10 events):
Event: 7.446 GC heap before
{Heap before GC invocations=6 (full 1):
 PSYoungGen      total 85504K, used 85320K [0x0000000780700000, 0x0000000787380000, 0x00000007c0000000)
  eden space 80896K, 100% used [0x0000000780700000,0x0000000785600000,0x0000000785600000)
  from space 4608K, 96% used [0x0000000786f00000,0x00000007873521d8,0x0000000787380000)
  to   space 8192K, 0% used [0x0000000786380000,0x0000000786380000,0x0000000786b80000)
 ParOldGen       total 80384K, used 9015K [0x0000000701400000, 0x0000000706280000, 0x0000000780700000)
  object space 80384K, 11% used [0x0000000701400000,0x0000000701ccdf90,0x0000000706280000)
 Metaspace       used 27244K, capacity 27716K, committed 27904K, reserved 1073152K
  class space    used 3375K, capacity 3491K, committed 3584K, reserved 1048576K
Event: 7.472 GC heap after
Heap after GC invocations=6 (full 1):
 PSYoungGen      total 102912K, used 8184K [0x0000000780700000, 0x000000078a200000, 0x00000007c0000000)
  eden space 94720K, 0% used [0x0000000780700000,0x0000000780700000,0x0000000786380000)
  from space 8192K, 99% used [0x0000000786380000,0x0000000786b7e088,0x0000000786b80000)
  to   space 14336K, 0% used [0x0000000789400000,0x0000000789400000,0x000000078a200000)
 ParOldGen       total 80384K, used 10355K [0x0000000701400000, 0x0000000706280000, 0x0000000780700000)
  object space 80384K, 12% used [0x0000000701400000,0x0000000701e1cc70,0x0000000706280000)
 Metaspace       used 27244K, capacity 27716K, committed 27904K, reserved 1073152K
  class space    used 3375K, capacity 3491K, committed 3584K, reserved 1048576K
}
Event: 9.743 GC heap before
{Heap before GC invocations=7 (full 1):
 PSYoungGen      total 102912K, used 102904K [0x0000000780700000, 0x000000078a200000, 0x00000007c0000000)
  eden space 94720K, 100% used [0x0000000780700000,0x0000000786380000,0x0000000786380000)
  from space 8192K, 99% used [0x0000000786380000,0x0000000786b7e088,0x0000000786b80000)
  to   space 14336K, 0% used [0x0000000789400000,0x0000000789400000,0x000000078a200000)
 ParOldGen       total 80384K, used 10355K [0x0000000701400000, 0x0000000706280000, 0x0000000780700000)
  object space 80384K, 12% used [0x0000000701400000,0x0000000701e1cc70,0x0000000706280000)
 Metaspace       used 30836K, capacity 31296K, committed 31616K, reserved 1077248K
  class space    used 3810K, capacity 3949K, committed 3968K, reserved 1048576K
Event: 9.788 GC heap after
Heap after GC invocations=7 (full 1):
 PSYoungGen      total 143872K, used 11586K [0x0000000780700000, 0x000000078b800000, 0x00000007c0000000)
  eden space 129536K, 0% used [0x0000000780700000,0x0000000780700000,0x0000000788580000)
  from space 14336K, 80% used [0x0000000789400000,0x0000000789f509b8,0x000000078a200000)
  to   space 14848K, 0% used [0x0000000788580000,0x0000000788580000,0x0000000789400000)
 ParOldGen       total 80384K, used 10363K [0x0000000701400000, 0x0000000706280000, 0x0000000780700000)
  object space 80384K, 12% used [0x0000000701400000,0x0000000701e1ec70,0x0000000706280000)
 Metaspace       used 30836K, capacity 31296K, committed 31616K, reserved 1077248K
  class space    used 3810K, capacity 3949K, committed 3968K, reserved 1048576K
}
Event: 10.761 GC heap before
{Heap before GC invocations=8 (full 1):
 PSYoungGen      total 143872K, used 57376K [0x0000000780700000, 0x000000078b800000, 0x00000007c0000000)
  eden space 129536K, 35% used [0x0000000780700000,0x00000007833b77c0,0x0000000788580000)
  from space 14336K, 80% used [0x0000000789400000,0x0000000789f509b8,0x000000078a200000)
  to   space 14848K, 0% used [0x0000000788580000,0x0000000788580000,0x0000000789400000)
 ParOldGen       total 80384K, used 10363K [0x0000000701400000, 0x0000000706280000, 0x0000000780700000)
  object space 80384K, 12% used [0x0000000701400000,0x0000000701e1ec70,0x0000000706280000)
 Metaspace       used 34783K, capacity 35242K, committed 35496K, reserved 1081344K
  class space    used 4244K, capacity 4340K, committed 4352K, reserved 1048576K
Event: 10.799 GC heap after
Heap after GC invocations=8 (full 1):
 PSYoungGen      total 144384K, used 12526K [0x0000000780700000, 0x000000078f600000, 0x00000007c0000000)
  eden space 129536K, 0% used [0x0000000780700000,0x0000000780700000,0x0000000788580000)
  from space 14848K, 84% used [0x0000000788580000,0x00000007891bbb50,0x0000000789400000)
  to   space 15872K, 0% used [0x000000078e680000,0x000000078e680000,0x000000078f600000)
 ParOldGen       total 80384K, used 10363K [0x0000000701400000, 0x0000000706280000, 0x0000000780700000)
  object space 80384K, 12% used [0x0000000701400000,0x0000000701e1ec70,0x0000000706280000)
 Metaspace       used 34783K, capacity 35242K, committed 35496K, reserved 1081344K
  class space    used 4244K, capacity 4340K, committed 4352K, reserved 1048576K
}
Event: 10.799 GC heap before
{Heap before GC invocations=9 (full 2):
 PSYoungGen      total 144384K, used 12526K [0x0000000780700000, 0x000000078f600000, 0x00000007c0000000)
  eden space 129536K, 0% used [0x0000000780700000,0x0000000780700000,0x0000000788580000)
  from space 14848K, 84% used [0x0000000788580000,0x00000007891bbb50,0x0000000789400000)
  to   space 15872K, 0% used [0x000000078e680000,0x000000078e680000,0x000000078f600000)
 ParOldGen       total 80384K, used 10363K [0x0000000701400000, 0x0000000706280000, 0x0000000780700000)
  object space 80384K, 12% used [0x0000000701400000,0x0000000701e1ec70,0x0000000706280000)
 Metaspace       used 34783K, capacity 35242K, committed 35496K, reserved 1081344K
  class space    used 4244K, capacity 4340K, committed 4352K, reserved 1048576K
Event: 10.994 GC heap after
Heap after GC invocations=9 (full 2):
 PSYoungGen      total 144384K, used 0K [0x0000000780700000, 0x000000078f600000, 0x00000007c0000000)
  eden space 129536K, 0% used [0x0000000780700000,0x0000000780700000,0x0000000788580000)
  from space 14848K, 0% used [0x0000000788580000,0x0000000788580000,0x0000000789400000)
  to   space 15872K, 0% used [0x000000078e680000,0x000000078e680000,0x000000078f600000)
 ParOldGen       total 119808K, used 20391K [0x0000000701400000, 0x0000000708900000, 0x0000000780700000)
  object space 119808K, 17% used [0x0000000701400000,0x00000007027e9e80,0x0000000708900000)
 Metaspace       used 34783K, capacity 35242K, committed 35496K, reserved 1081344K
  class space    used 4244K, capacity 4340K, committed 4352K, reserved 1048576K
}
Event: 15.017 GC heap before
{Heap before GC invocations=10 (full 2):
 PSYoungGen      total 144384K, used 129536K [0x0000000780700000, 0x000000078f600000, 0x00000007c0000000)
  eden space 129536K, 100% used [0x0000000780700000,0x0000000788580000,0x0000000788580000)
  from space 14848K, 0% used [0x0000000788580000,0x0000000788580000,0x0000000789400000)
  to   space 15872K, 0% used [0x000000078e680000,0x000000078e680000,0x000000078f600000)
 ParOldGen       total 119808K, used 20391K [0x0000000701400000, 0x0000000708900000, 0x0000000780700000)
  object space 119808K, 17% used [0x0000000701400000,0x00000007027e9e80,0x0000000708900000)
 Metaspace       used 45872K, capacity 46374K, committed 46720K, reserved 1089536K
  class space    used 5876K, capacity 6014K, committed 6016K, reserved 1048576K
Event: 15.041 GC heap after
Heap after GC invocations=10 (full 2):
 PSYoungGen      total 207872K, used 14595K [0x0000000780700000, 0x000000078f500000, 0x00000007c0000000)
  eden space 193024K, 0% used [0x0000000780700000,0x0000000780700000,0x000000078c380000)
  from space 14848K, 98% used [0x000000078e680000,0x000000078f4c0f90,0x000000078f500000)
  to   space 16896K, 0% used [0x000000078d400000,0x000000078d400000,0x000000078e480000)
 ParOldGen       total 119808K, used 20399K [0x0000000701400000, 0x0000000708900000, 0x0000000780700000)
  object space 119808K, 17% used [0x0000000701400000,0x00000007027ebe80,0x0000000708900000)
 Metaspace       used 45872K, capacity 46374K, committed 46720K, reserved 1089536K
  class space    used 5876K, capacity 6014K, committed 6016K, reserved 1048576K
}

Deoptimization events (10 events):
Event: 278.760 Thread 0x000000001af26000 Uncommon trap: reason=unhandled action=none pc=0x00000000035061f4 method=java.net.URL.<init>(Ljava/net/URL;Ljava/lang/String;Ljava/net/URLStreamHandler;)V @ 377
Event: 278.760 Thread 0x000000001af26000 Uncommon trap: reason=unhandled action=none pc=0x00000000035061f4 method=java.net.URL.<init>(Ljava/net/URL;Ljava/lang/String;Ljava/net/URLStreamHandler;)V @ 377
Event: 278.761 Thread 0x000000001af26000 Uncommon trap: reason=unhandled action=none pc=0x0000000002ee5960 method=java.net.URLClassLoader.findClass(Ljava/lang/String;)Ljava/lang/Class; @ 44
Event: 278.762 Thread 0x000000001af26000 Uncommon trap: reason=class_check action=maybe_recompile pc=0x0000000003232a44 method=java.util.concurrent.ConcurrentHashMap.containsKey(Ljava/lang/Object;)Z @ 2
Event: 278.763 Thread 0x000000001af26000 Uncommon trap: reason=class_check action=maybe_recompile pc=0x0000000003232a44 method=java.util.concurrent.ConcurrentHashMap.containsKey(Ljava/lang/Object;)Z @ 2
Event: 278.763 Thread 0x000000001af26000 Uncommon trap: reason=class_check action=maybe_recompile pc=0x0000000003232a44 method=java.util.concurrent.ConcurrentHashMap.containsKey(Ljava/lang/Object;)Z @ 2
Event: 278.763 Thread 0x000000001af26000 Uncommon trap: reason=class_check action=maybe_recompile pc=0x0000000003232a44 method=java.util.concurrent.ConcurrentHashMap.containsKey(Ljava/lang/Object;)Z @ 2
Event: 278.923 Thread 0x000000001af26000 Uncommon trap: reason=unstable_if action=reinterpret pc=0x00000000027dcb94 method=java.util.Properties$LineReader.readLine()I @ 174
Event: 278.979 Thread 0x000000001af26000 Uncommon trap: reason=unhandled action=none pc=0x0000000002ee5960 method=java.net.URLClassLoader.findClass(Ljava/lang/String;)Ljava/lang/Class; @ 44
Event: 278.980 Thread 0x000000001af26000 Uncommon trap: reason=unhandled action=none pc=0x0000000002ee5960 method=java.net.URLClassLoader.findClass(Ljava/lang/String;)Ljava/lang/Class; @ 44

Internal exceptions (10 events):
Event: 112.761 Thread 0x0000000025f27800 Exception <a 'java/lang/ArrayIndexOutOfBoundsException': 47> (0x000000078a456338) thrown at [C:\re\workspace\8-2-build-windows-amd64-cygwin\jdk8u91\6644\hotspot\src\share\vm\interpreter\interpreterRuntime.cpp, line 366]
Event: 112.761 Thread 0x0000000025f27800 Exception <a 'java/lang/ArrayIndexOutOfBoundsException': 46> (0x000000078a4589b8) thrown at [C:\re\workspace\8-2-build-windows-amd64-cygwin\jdk8u91\6644\hotspot\src\share\vm\interpreter\interpreterRuntime.cpp, line 366]
Event: 112.840 Thread 0x0000000025f27800 Exception <a 'java/lang/ArrayIndexOutOfBoundsException': 15> (0x000000078a64c6d0) thrown at [C:\re\workspace\8-2-build-windows-amd64-cygwin\jdk8u91\6644\hotspot\src\share\vm\interpreter\interpreterRuntime.cpp, line 366]
Event: 112.842 Thread 0x0000000025f27800 Exception <a 'java/lang/ClassNotFoundException': java/lang/ObjectCustomizer> (0x000000078a6583c0) thrown at [C:\re\workspace\8-2-build-windows-amd64-cygwin\jdk8u91\6644\hotspot\src\share\vm\classfile\systemDictionary.cpp, line 210]
Event: 112.845 Thread 0x0000000025f27800 Exception <a 'java/lang/ClassNotFoundException': com/example/entity/ChildCustomizer> (0x000000078a66a878) thrown at [C:\re\workspace\8-2-build-windows-amd64-cygwin\jdk8u91\6644\hotspot\src\share\vm\classfile\systemDictionary.cpp, line 210]
Event: 112.846 Thread 0x0000000025f27800 Implicit null exception at 0x00000000027ed50f to 0x00000000027ed6b9
Event: 112.850 Thread 0x0000000025f27800 Exception <a 'java/lang/ArrayIndexOutOfBoundsException': 15> (0x000000078a6778e0) thrown at [C:\re\workspace\8-2-build-windows-amd64-cygwin\jdk8u91\6644\hotspot\src\share\vm\interpreter\interpreterRuntime.cpp, line 366]
Event: 120.881 Thread 0x0000000025f2c000 Exception <a 'java/lang/ArrayIndexOutOfBoundsException': 9> (0x000000078a9e79c0) thrown at [C:\re\workspace\8-2-build-windows-amd64-cygwin\jdk8u91\6644\hotspot\src\share\vm\interpreter\interpreterRuntime.cpp, line 366]
Event: 278.978 Thread 0x000000001f3c3800 Exception <a 'java/lang/InterruptedException': sleep interrupted> (0x0000000788c5b860) thrown at [C:\re\workspace\8-2-build-windows-amd64-cygwin\jdk8u91\6644\hotspot\src\share\vm\prims\jvm.cpp, line 3215]
Event: 279.007 Thread 0x000000001f3c4800 Exception <a 'java/lang/InterruptedException': sleep interrupted> (0x000000078aeafe58) thrown at [C:\re\workspace\8-2-build-windows-amd64-cygwin\jdk8u91\6644\hotspot\src\share\vm\prims\jvm.cpp, line 3215]

Events (10 events):
Event: 279.010 Executing VM operation: RevokeBias done
Event: 279.010 Executing VM operation: RevokeBias
Event: 279.010 Thread 0x000000001f3c6000 Thread added: 0x000000001f3c6000
Event: 279.010 Thread 0x000000001f3c5000 Thread exited: 0x000000001f3c5000
Event: 279.011 Executing VM operation: RevokeBias done
Event: 279.011 Thread 0x000000001f3c3800 Thread exited: 0x000000001f3c3800
Event: 279.011 Thread 0x000000001f3c4800 Thread exited: 0x000000001f3c4800
Event: 279.013 Thread 0x000000001f3c6000 Thread exited: 0x000000001f3c6000
Event: 279.017 Thread 0x000000001abd2800 Thread exited: 0x000000001abd2800
Event: 279.017 Thread 0x000000001af24000 Thread exited: 0x000000001af24000


Dynamic libraries:
0x000000013fbe0000 - 0x000000013fc17000 	C:\Program Files\Java\jdk1.8.0_91\bin\javaw.exe
0x00000000774b0000 - 0x000000007765a000 	C:\Windows\SYSTEM32\ntdll.dll
0x0000000077290000 - 0x00000000773af000 	C:\Windows\system32\kernel32.dll
0x000007fefd4f0000 - 0x000007fefd55a000 	C:\Windows\system32\KERNELBASE.dll
0x000007fefe080000 - 0x000007fefe15b000 	C:\Windows\system32\ADVAPI32.dll
0x000007feff140000 - 0x000007feff1df000 	C:\Windows\system32\msvcrt.dll
0x000007feff560000 - 0x000007feff57f000 	C:\Windows\SYSTEM32\sechost.dll
0x000007feff3b0000 - 0x000007feff4dd000 	C:\Windows\system32\RPCRT4.dll
0x00000000773b0000 - 0x00000000774aa000 	C:\Windows\system32\USER32.dll
0x000007feff4f0000 - 0x000007feff557000 	C:\Windows\system32\GDI32.dll
0x000007feff1e0000 - 0x000007feff1ee000 	C:\Windows\system32\LPK.dll
0x000007feff070000 - 0x000007feff13a000 	C:\Windows\system32\USP10.dll
0x000007fefbba0000 - 0x000007fefbd94000 	C:\Windows\WinSxS\amd64_microsoft.windows.common-controls_6595b64144ccf1df_6.0.7601.18837_none_fa3b1e3d17594757\COMCTL32.dll
0x000007feff2b0000 - 0x000007feff321000 	C:\Windows\system32\SHLWAPI.dll
0x000007fefd5f0000 - 0x000007fefd61e000 	C:\Windows\system32\IMM32.DLL
0x000007fefdde0000 - 0x000007fefdee9000 	C:\Windows\system32\MSCTF.dll
0x000000005a310000 - 0x000000005a3e2000 	C:\Program Files\Java\jdk1.8.0_91\jre\bin\msvcr100.dll
0x0000000050f90000 - 0x0000000051823000 	C:\Program Files\Java\jdk1.8.0_91\jre\bin\server\jvm.dll
0x000007fef5640000 - 0x000007fef5649000 	C:\Windows\system32\WSOCK32.dll
0x000007fefd5a0000 - 0x000007fefd5ed000 	C:\Windows\system32\WS2_32.dll
0x000007feff4e0000 - 0x000007feff4e8000 	C:\Windows\system32\NSI.dll
0x000007fefae80000 - 0x000007fefaebb000 	C:\Windows\system32\WINMM.dll
0x000007fefc330000 - 0x000007fefc33c000 	C:\Windows\system32\VERSION.dll
0x0000000077680000 - 0x0000000077687000 	C:\Windows\system32\PSAPI.DLL
0x00000000743f0000 - 0x00000000743ff000 	C:\Program Files\Java\jdk1.8.0_91\jre\bin\verify.dll
0x0000000068ec0000 - 0x0000000068ee9000 	C:\Program Files\Java\jdk1.8.0_91\jre\bin\java.dll
0x000000005ec20000 - 0x000000005ec55000 	C:\Program Files\Java\jdk1.8.0_91\jre\bin\jdwp.dll
0x0000000068fa0000 - 0x0000000068fa8000 	C:\Program Files\Java\jdk1.8.0_91\jre\bin\npt.dll
0x000000006c540000 - 0x000000006c556000 	C:\Program Files\Java\jdk1.8.0_91\jre\bin\zip.dll
0x000007fefe160000 - 0x000007fefeeea000 	C:\Windows\system32\SHELL32.dll
0x000007fefd620000 - 0x000007fefd823000 	C:\Windows\system32\ole32.dll
0x000007fefd1f0000 - 0x000007fefd1ff000 	C:\Windows\system32\profapi.dll
0x000000006cdd0000 - 0x000000006cdd9000 	C:\Program Files\Java\jdk1.8.0_91\jre\bin\dt_socket.dll
0x000007fefa8d0000 - 0x000007fefa8e5000 	C:\Windows\system32\NLAapi.dll
0x000007feee510000 - 0x000007feee525000 	C:\Windows\system32\napinsp.dll
0x000007feee4f0000 - 0x000007feee509000 	C:\Windows\system32\pnrpnsp.dll
0x000007fefc940000 - 0x000007fefc995000 	C:\Windows\System32\mswsock.dll
0x000007fefc7c0000 - 0x000007fefc81b000 	C:\Windows\system32\DNSAPI.dll
0x000007feee4e0000 - 0x000007feee4eb000 	C:\Windows\System32\winrnr.dll
0x000007fef9c00000 - 0x000007fef9c27000 	C:\Windows\system32\IPHLPAPI.DLL
0x000007fef9bf0000 - 0x000007fef9bfb000 	C:\Windows\system32\WINNSI.DLL
0x000007fef9a30000 - 0x000007fef9a83000 	C:\Windows\System32\fwpuclnt.dll
0x000007fef9450000 - 0x000007fef9458000 	C:\Windows\system32\rasadhlp.dll
0x000007fefc360000 - 0x000007fefc3af000 	C:\Windows\system32\XLSP64_5022.dll
0x000007fefc340000 - 0x000007fefc351000 	C:\Windows\system32\WTSAPI32.dll
0x000007fefc320000 - 0x000007fefc327000 	C:\Windows\System32\wshtcpip.dll
0x00000000740f0000 - 0x00000000740fd000 	C:\Program Files\Java\jdk1.8.0_91\jre\bin\management.dll
0x0000000074140000 - 0x000000007415a000 	C:\Program Files\Java\jdk1.8.0_91\jre\bin\net.dll
0x000007fefc930000 - 0x000007fefc937000 	C:\Windows\System32\wship6.dll
0x0000000068ea0000 - 0x0000000068eb1000 	C:\Program Files\Java\jdk1.8.0_91\jre\bin\nio.dll
0x000007fefced0000 - 0x000007fefcee8000 	C:\Windows\system32\CRYPTSP.dll
0x000007fefc6d0000 - 0x000007fefc717000 	C:\Windows\system32\rsaenh.dll
0x000007fefd560000 - 0x000007fefd57e000 	C:\Windows\system32\USERENV.dll
0x000007fefd020000 - 0x000007fefd02f000 	C:\Windows\system32\CRYPTBASE.dll
0x000007fef99b0000 - 0x000007fef99c1000 	C:\Windows\system32\dhcpcsvc6.DLL
0x000007fef9990000 - 0x000007fef99a8000 	C:\Windows\system32\dhcpcsvc.DLL
0x000007fefa3c0000 - 0x000007fefa4e5000 	C:\Windows\system32\dbghelp.dll

VM Arguments:
jvm_args: -agentlib:jdwp=transport=dt_socket,suspend=y,address=localhost:53277 -Dcom.sun.management.jmxremote -Dcom.sun.management.jmxremote.port=53276 -Dcom.sun.management.jmxremote.authenticate=false -Dcom.sun.management.jmxremote.ssl=false -Dspring.liveBeansView.mbeanDomain -Dspring.application.admin.enabled=true -Dfile.encoding=UTF-8 
java_command: com.example.DemoJpaApplication --spring.output.ansi.enabled=always
java_class_path (initial): C:\work\tmp\demo-jpa\target\classes;C:\Users\btfurukawa\.m2\repository\org\springframework\boot\spring-boot-starter-data-jpa\1.5.1.RELEASE\spring-boot-starter-data-jpa-1.5.1.RELEASE.jar;C:\Users\btfurukawa\.m2\repository\org\springframework\boot\spring-boot-starter\1.5.1.RELEASE\spring-boot-starter-1.5.1.RELEASE.jar;C:\Users\btfurukawa\.m2\repository\org\springframework\boot\spring-boot\1.5.1.RELEASE\spring-boot-1.5.1.RELEASE.jar;C:\Users\btfurukawa\.m2\repository\org\springframework\boot\spring-boot-autoconfigure\1.5.1.RELEASE\spring-boot-autoconfigure-1.5.1.RELEASE.jar;C:\Users\btfurukawa\.m2\repository\org\springframework\boot\spring-boot-starter-logging\1.5.1.RELEASE\spring-boot-starter-logging-1.5.1.RELEASE.jar;C:\Users\btfurukawa\.m2\repository\ch\qos\logback\logback-classic\1.1.9\logback-classic-1.1.9.jar;C:\Users\btfurukawa\.m2\repository\ch\qos\logback\logback-core\1.1.9\logback-core-1.1.9.jar;C:\Users\btfurukawa\.m2\repository\org\slf4j\jul-to-slf4j\1.7.22\jul-to-slf4j-1.7.22.jar;C:\Users\btfurukawa\.m2\repository\org\slf4j\log4j-over-slf4j\1.7.22\log4j-over-slf4j-1.7.22.jar;C:\Users\btfurukawa\.m2\repository\org\yaml\snakeyaml\1.17\snakeyaml-1.17.jar;C:\Users\btfurukawa\.m2\repository\org\springframework\boot\spring-boot-starter-aop\1.5.1.RELEASE\spring-boot-starter-aop-1.5.1.RELEASE.jar;C:\Users\btfurukawa\.m2\repository\org\springframework\spring-aop\4.3.6.RELEASE\spring-aop-4.3.6.RELEASE.jar;C:\Users\btfurukawa\.m2\repository\org\aspectj\aspectjweaver\1.8.9\aspectjweaver-1.8.9.jar;C:\Users\btfurukawa\.m2\repository\org\springframework\boot\spring-boot-starter-jdbc\1.5.1.RELEASE\spring-boot-starter-jdbc-1.5.1.RELEASE.jar;C:\Users\btfurukawa\.m2\repository\org\apache\tomcat\tomcat-jdbc\8.5.11\tomcat-jdbc-8.5.11.jar;C:\Users\btfurukawa\.m2\repository\org\apache\tomcat\tomcat-juli\8.5.11\tomcat-juli-8.5.11.jar;C:\Users\btfurukawa\.m2\repository\org\springframework\spring-jdbc\4.3.6.RELEASE\spring-jdbc-4.3.6.RELEASE.jar;C:\Users
Launcher Type: SUN_STANDARD

Environment Variables:
JAVA_HOME=C:\Program Files\Java\jdk1.8.0_91
PATH=C:\Program Files\Java\jdk1.8.0_91\jre\bin;C:/Program Files/Java/jdk1.8.0_91/bin/../jre/bin/server;C:/Program Files/Java/jdk1.8.0_91/bin/../jre/bin;C:/Program Files/Java/jdk1.8.0_91/bin/../jre/lib/amd64;C:\Program Files\apache-jmeter-3.1\bin;C:\work\spring-cloud-practice\spring-boot-cli-1.3.6.RELEASE-bin\spring-1.3.6.RELEASE\bin;C:\Program Files\apache-ant-1.9.7\bin;C:\work\sonar-scanner-2.6.1\bin;C:\cygwin64\home\btfurukawatkr\bin;C:\app\oracle\product\12.1.0\dbhome_1\bin;C:\Program Files\apache-maven-3.3.9\bin;C:\Program Files\Java\jdk1.8.0_91\bin;C:\ProgramData\Oracle\Java\javapath;C:\Windows\system32;C:\Windows;C:\Windows\System32\Wbem;C:\Windows\System32\WindowsPowerShell\v1.0\;C:\Program Files\Git\cmd;C:\cygwin64\usr\local\sbin;C:\Program Files (x86)\Skype\Phone\;C:\Program Files\TortoiseSVN\bin;C:\cygwin64\usr\local\lib\automake-1.15\bin;;C:\Program Files\CloudFoundry;C:\Program Files\nodejs\;C:\Program Files (x86)\sbt\bin;C:\Users\btfurukawa\AppData\Roaming\npm\node_modules\eslint\bin;C:\Users\btfurukawa\AppData\Roaming\npm;C:\OpenSSL-Win64\bin;C:\texlive\2016\bin\win32;C:\sts-bundle\sts-3.8.3.RELEASE;
USERNAME=btfurukawa
OS=Windows_NT
PROCESSOR_IDENTIFIER=Intel64 Family 6 Model 42 Stepping 7, GenuineIntel



---------------  S Y S T E M  ---------------

OS: Windows 7 , 64 bit Build 7601 (6.1.7601.23572)

CPU:total 4 (2 cores per cpu, 2 threads per core) family 6 model 42 stepping 7, cmov, cx8, fxsr, mmx, sse, sse2, sse3, ssse3, sse4.1, sse4.2, popcnt, avx, clmul, ht, tsc, tscinvbit

Memory: 4k page, physical 12495536k(2160280k free), swap 24989212k(14550560k free)

vm_info: Java HotSpot(TM) 64-Bit Server VM (25.91-b14) for windows-amd64 JRE (1.8.0_91-b14), built on Apr  1 2016 00:58:32 by "java_re" with MS VC++ 10.0 (VS2010)

time: Wed Feb 22 14:58:04 2017
elapsed time: 279 seconds (0d 0h 4m 39s)

